This file contains any messages produced by compilers while
running configure, to aid debugging if configure makes a mistake.

It was created by ruby-debug-extra configure 0.10.3, which was
generated by GNU Autoconf 2.61.  Invocation command line was

  $ ./configure 

## --------- ##
## Platform. ##
## --------- ##

hostname = morpheme
uname -m = x86_64
uname -r = 2.6.38-11-generic
uname -s = Linux
uname -v = #48-Ubuntu SMP Fri Jul 29 19:02:55 UTC 2011

/usr/bin/uname -p = unknown
/bin/uname -X     = unknown

/bin/arch              = unknown
/usr/bin/arch -k       = unknown
/usr/convex/getsysinfo = unknown
/usr/bin/hostinfo      = unknown
/bin/machine           = unknown
/usr/bin/oslevel       = unknown
/bin/universe          = unknown

PATH: /home/duncan/.rvm/gems/ruby-1.8.7-p334/bin
PATH: /home/duncan/.rvm/gems/ruby-1.8.7-p334@global/bin
PATH: /home/duncan/.rvm/rubies/ruby-1.8.7-p334/bin
PATH: /home/duncan/.rvm/bin
PATH: /home/duncan/bin
PATH: /usr/local/maven/bin
PATH: /usr/local/sbin
PATH: /usr/local/bin
PATH: /usr/sbin
PATH: /usr/bin
PATH: /sbin
PATH: /bin
PATH: /usr/games


## ----------- ##
## Core tests. ##
## ----------- ##

configure:1709: checking for a BSD-compatible install
configure:1765: result: /usr/bin/install -c
configure:1776: checking whether build environment is sane
configure:1819: result: yes
configure:1884: checking for gawk
configure:1900: found /usr/bin/gawk
configure:1911: result: gawk
configure:1922: checking whether make sets $(MAKE)
configure:1943: result: yes
configure:2138: checking for emacs
configure:2154: found /home/duncan/bin/emacs
configure:2165: result: emacs
configure:2189: checking where .elc files should go
configure:2202: $EMACS -batch -q -eval '(while load-path (princ (concat (car load-path) "\n")) (setq load-path (cdr load-path)))' </dev/null >conftest.out
configure:2205: $? = 0
configure:2218: result: ${datadir}/emacs/site-lisp
configure:2376: creating ./config.status

## ---------------------- ##
## Running config.status. ##
## ---------------------- ##

This file was extended by ruby-debug-extra config.status 0.10.3, which was
generated by GNU Autoconf 2.61.  Invocation command line was

  CONFIG_FILES    = 
  CONFIG_HEADERS  = 
  CONFIG_LINKS    = 
  CONFIG_COMMANDS = 
  $ ./config.status 

on morpheme

config.status:593: creating doc/Makefile
config.status:593: creating emacs/Makefile
config.status:593: creating Makefile

## ---------------- ##
## Cache variables. ##
## ---------------- ##

ac_cv_env_EMACSLOADPATH_set=
ac_cv_env_EMACSLOADPATH_value=
ac_cv_env_EMACS_set=
ac_cv_env_EMACS_value=
ac_cv_env_build_alias_set=
ac_cv_env_build_alias_value=
ac_cv_env_host_alias_set=
ac_cv_env_host_alias_value=
ac_cv_env_target_alias_set=
ac_cv_env_target_alias_value=
ac_cv_path_install='/usr/bin/install -c'
ac_cv_prog_AWK=gawk
ac_cv_prog_EMACS=emacs
ac_cv_prog_make_make_set=yes
am_cv_lispdir='${datadir}/emacs/site-lisp'

## ----------------- ##
## Output variables. ##
## ----------------- ##

ACLOCAL='${SHELL} /home/duncan/Downloads/ruby-debug-extra-0.10.3/missing --run aclocal-1.9'
AMTAR='${SHELL} /home/duncan/Downloads/ruby-debug-extra-0.10.3/missing --run tar'
AUTOCONF='${SHELL} /home/duncan/Downloads/ruby-debug-extra-0.10.3/missing --run autoconf'
AUTOHEADER='${SHELL} /home/duncan/Downloads/ruby-debug-extra-0.10.3/missing --run autoheader'
AUTOMAKE='${SHELL} /home/duncan/Downloads/ruby-debug-extra-0.10.3/missing --run automake-1.9'
AWK='gawk'
CYGPATH_W='echo'
DEFS='-DPACKAGE_NAME=\"ruby-debug-extra\" -DPACKAGE_TARNAME=\"ruby-debug-extra\" -DPACKAGE_VERSION=\"0.10.3\" -DPACKAGE_STRING=\"ruby-debug-extra\ 0.10.3\" -DPACKAGE_BUGREPORT=\"\" -DPACKAGE=\"ruby-debug-extra\" -DVERSION=\"0.10.3\"'
ECHO_C=''
ECHO_N='-n'
ECHO_T=''
EMACS='emacs'
EMACSLOADPATH=''
INSTALL_DATA='${INSTALL} -m 644'
INSTALL_EMACS_LISP_FALSE='#'
INSTALL_EMACS_LISP_TRUE=''
INSTALL_PROGRAM='${INSTALL}'
INSTALL_SCRIPT='${INSTALL}'
INSTALL_STRIP_PROGRAM='${SHELL} $(install_sh) -c -s'
LIBOBJS=''
LIBS=''
LTLIBOBJS=''
MAKEINFO='${SHELL} /home/duncan/Downloads/ruby-debug-extra-0.10.3/missing --run makeinfo'
PACKAGE='ruby-debug-extra'
PACKAGE_BUGREPORT=''
PACKAGE_NAME='ruby-debug-extra'
PACKAGE_STRING='ruby-debug-extra 0.10.3'
PACKAGE_TARNAME='ruby-debug-extra'
PACKAGE_VERSION='0.10.3'
PATH_SEPARATOR=':'
SET_MAKE=''
SHELL='/bin/bash'
STRIP=''
VERSION='0.10.3'
am__leading_dot='.'
am__tar='${AMTAR} chof - "$$tardir"'
am__untar='${AMTAR} xf -'
bindir='${exec_prefix}/bin'
build_alias=''
datadir='${datarootdir}'
datarootdir='${prefix}/share'
docdir='${datarootdir}/doc/${PACKAGE_TARNAME}'
dvidir='${docdir}'
exec_prefix='${prefix}'
host_alias=''
htmldir='${docdir}'
includedir='${prefix}/include'
infodir='${datarootdir}/info'
install_sh='/home/duncan/Downloads/ruby-debug-extra-0.10.3/install-sh'
libdir='${exec_prefix}/lib'
libexecdir='${exec_prefix}/libexec'
lispdir='${datadir}/emacs/site-lisp'
localedir='${datarootdir}/locale'
localstatedir='${prefix}/var'
mandir='${datarootdir}/man'
mkdir_p='mkdir -p --'
oldincludedir='/usr/include'
pdfdir='${docdir}'
prefix='/usr/local'
program_transform_name='s,x,x,'
psdir='${docdir}'
sbindir='${exec_prefix}/sbin'
sharedstatedir='${prefix}/com'
sysconfdir='${prefix}/etc'
target_alias=''

## ----------- ##
## confdefs.h. ##
## ----------- ##

#define PACKAGE_NAME "ruby-debug-extra"
#define PACKAGE_TARNAME "ruby-debug-extra"
#define PACKAGE_VERSION "0.10.3"
#define PACKAGE_STRING "ruby-debug-extra 0.10.3"
#define PACKAGE_BUGREPORT ""
#define PACKAGE "ruby-debug-extra"
#define VERSION "0.10.3"

configure: exit 0
